
                         Lattice Mapping Report File

Design:  aes
Family:  iCE40UP
Device:  iCE40UP5K
Package: SG48
Performance Grade:  High-Performance_1.2V

Mapper:    version Radiant Software (64-bit) 2024.1.1.259.1
Mapped on: Mon Nov  4 22:47:46 2024

Design Information
------------------

Command line:   map -pdc C:/Users/spenc/OneDrive/Documents/Desktop/HMC/microPs/m
     icroP-lab7/FPGA/radiant_proj/lab7_jb/radiant_lab7_jb/source/impl_1/impl_1.p
     dc -i radiant_lab7_jb_impl_1_syn.udb -o radiant_lab7_jb_impl_1_map.udb -mp
     radiant_lab7_jb_impl_1.mrp -hierrpt -gui -msgset C:/Users/spenc/OneDrive/Do
     cuments/Desktop/HMC/microPs/microP-lab7/FPGA/radiant_proj/lab7_jb/radiant_l
     ab7_jb/promote.xml

Design Summary
--------------

   Number of slice registers:   0 out of  5280 (0%)
   Number of I/O registers:      0 out of   117 (0%)
   Number of LUT4s:             1 out of  5280 (<1%)
      Number of logic LUT4s:               1
      Number of ripple logic:              0 (0 LUT4s)
   Number of IO sites used:   5 out of 39 (13%)
      Number of IO sites used for general PIO: 5
      Number of IO sites used for I3C: 0 out of 2 (0%)
      (note: If I3C is not used, its site can be used as general PIO)
      Number of IO sites used for PIO+I3C: 5 out of 36 (14%)
      Number of IO sites used for OD+RGB IO buffers: 0 out of 3 (0%)
      (note: If RGB LED drivers are not used, sites can be used as OD outputs,
       see TN1288 iCE40 LED Driver Usage Guide)
      Number of IO sites used for PIO+I3C+OD+RGB: 5 out of 39 (13%)
   Number of DSPs:             0 out of 8 (0%)
   Number of I2Cs:             0 out of 2 (0%)
   Number of High Speed OSCs:  0 out of 1 (0%)
   Number of Low Speed OSCs:   0 out of 1 (0%)
   Number of RGB PWM:          0 out of 1 (0%)
   Number of RGB Drivers:      0 out of 1 (0%)
   Number of SCL FILTERs:      0 out of 2 (0%)
   Number of SRAMs:            0 out of 4 (0%)
   Number of WARMBOOTs:        0 out of 1 (0%)
   Number of SPIs:             0 out of 2 (0%)
   Number of EBRs:             0 out of 30 (0%)
   Number of PLLs:             0 out of 1 (0%)
   Number of Clocks:  0
   Number of Clock Enables:  0
   Number of LSRs:  0
   Top 10 highest fanout non-clock nets:





   Number of warnings:  0
   Number of criticals: 0
   Number of errors:    0

                                    Page 1






Design Errors/Criticals/Warnings
--------------------------------

   No error, critical, or warning presents.

IO (PIO) Attributes
-------------------

+---------------------+-----------+-----------+-------+-------+-----------+
| IO Name             | Direction | Levelmode |  IO   |  IO   | Special   |
|                     |           |  IO_TYPE  |  REG  |  DDR  | IO Buffer |
+---------------------+-----------+-----------+-------+-------+-----------+
| load                | INPUT     |           |       |       |           |
+---------------------+-----------+-----------+-------+-------+-----------+
| sdi                 | INPUT     |           |       |       |           |
+---------------------+-----------+-----------+-------+-------+-----------+
| sck                 | INPUT     |           |       |       |           |
+---------------------+-----------+-----------+-------+-------+-----------+
| done                | OUTPUT    |           |       |       |           |
+---------------------+-----------+-----------+-------+-------+-----------+
| sdo                 | OUTPUT    |           |       |       |           |
+---------------------+-----------+-----------+-------+-------+-----------+

Removed logic
-------------

Block done_pad.vhi_inst was optimized away.

Constraint Summary
------------------

   Total number of constraints: 5
   Total number of constraints dropped: 0

Run Time and Memory Usage
-------------------------

   Total CPU Time: 0 secs
   Total REAL Time: 0 secs
   Peak Memory Usage: 63 MB
Checksum -- map: 720c830190ce4ee7843eff25eea3e58b06ae315


















                                    Page 2


Copyright (c) 1991-1994 by NeoCAD Inc. All rights reserved.
Copyright (c) 1995
     AT&T Corp.   All rights reserved.
Copyright (c) 1995-2001 Lucent
     Technologies Inc.  All rights reserved.
Copyright (c) 2001 Agere Systems
     All rights reserved.
Copyright (c) 2002-2024 Lattice Semiconductor
     Corporation,  All rights reserved.
